<?xml version="1.0" encoding="UTF-8"?>
<!-- Generated by org.testng.reporters.JUnitReportReporter -->
<testsuite hostname="Selenium" name="com.negativos.tiposcampo.TCTiposCamposPromotor" tests="1" failures="0" timestamp="22 Oct 2015 15:26:22 GMT" time="22.303" errors="0">
  <testcase name="tipoCamposPromotor" time="22.303" classname="com.negativos.tiposcampo.TCTiposCamposPromotor"/>
</testsuite> <!-- com.negativos.tiposcampo.TCTiposCamposPromotor -->
