<?xml version="1.0" encoding="UTF-8"?>
<!-- Generated by org.testng.reporters.JUnitReportReporter -->
<testsuite hostname="Testing" name="com.negativos.tiposcampo.TCTiposCamposPromotor" tests="1" failures="0" timestamp="8 Oct 2015 19:12:14 GMT" time="27.322" errors="0">
  <testcase name="tipoCamposPromotor" time="27.322" classname="com.negativos.tiposcampo.TCTiposCamposPromotor"/>
</testsuite> <!-- com.negativos.tiposcampo.TCTiposCamposPromotor -->
