<?xml version="1.0" encoding="UTF-8"?>
<!-- Generated by org.testng.reporters.JUnitReportReporter -->
<testsuite hostname="Testing" name="com.negativos.mandatorios.TCCamposMandatoriosContactos" tests="1" failures="0" timestamp="8 Oct 2015 18:53:34 GMT" time="24.996" errors="0">
  <testcase name="camposMandatoriosContactos" time="24.996" classname="com.negativos.mandatorios.TCCamposMandatoriosContactos"/>
</testsuite> <!-- com.negativos.mandatorios.TCCamposMandatoriosContactos -->
