<?xml version="1.0" encoding="UTF-8"?>
<!-- Generated by org.testng.reporters.JUnitReportReporter -->
<testsuite hostname="Testing" name="com.negativos.mandatorios.TCCamposMandatoriosContactos" tests="1" failures="0" timestamp="5 Oct 2015 19:30:53 GMT" time="9.387" errors="0">
  <testcase name="camposMandatoriosContactos" time="9.387" classname="com.negativos.mandatorios.TCCamposMandatoriosContactos"/>
</testsuite> <!-- com.negativos.mandatorios.TCCamposMandatoriosContactos -->
