<?xml version="1.0" encoding="UTF-8"?>
<!-- Generated by org.testng.reporters.JUnitReportReporter -->
<testsuite hostname="Selenium" name="com.positivos.TCPromotor" tests="1" failures="0" timestamp="27 Oct 2015 16:04:56 GMT" time="44.207" errors="0">
  <testcase name="tcPromotor" time="44.207" classname="com.positivos.TCPromotor"/>
</testsuite> <!-- com.positivos.TCPromotor -->
