<?xml version="1.0" encoding="UTF-8"?>
<!-- Generated by org.testng.reporters.JUnitReportReporter -->
<testsuite hostname="Testing" name="com.negativos.mandatorios.TCCamposMandatoriosPromotor" tests="1" failures="0" timestamp="5 Oct 2015 19:30:53 GMT" time="6.978" errors="0">
  <testcase name="camposMandatoriosPromotor" time="6.978" classname="com.negativos.mandatorios.TCCamposMandatoriosPromotor"/>
</testsuite> <!-- com.negativos.mandatorios.TCCamposMandatoriosPromotor -->
