<?xml version="1.0" encoding="UTF-8"?>
<!-- Generated by org.testng.reporters.JUnitReportReporter -->
<testsuite hostname="Selenium" name="com.negativos.mandatorios.TCCamposMandatoriosAfiliado" tests="1" failures="0" timestamp="22 Oct 2015 15:25:41 GMT" time="22.496" errors="0">
  <testcase name="camposMandotoriosAfiliado" time="22.496" classname="com.negativos.mandatorios.TCCamposMandatoriosAfiliado"/>
</testsuite> <!-- com.negativos.mandatorios.TCCamposMandatoriosAfiliado -->
