<?xml version="1.0" encoding="UTF-8"?>
<!-- Generated by org.testng.reporters.JUnitReportReporter -->
<testsuite hostname="Selenium" name="com.negativos.tiposcampo.TCTiposCamposContactos" tests="1" failures="0" timestamp="22 Oct 2015 15:26:48 GMT" time="11.917" errors="0">
  <testcase name="tiposCampoContactos" time="11.917" classname="com.negativos.tiposcampo.TCTiposCamposContactos"/>
</testsuite> <!-- com.negativos.tiposcampo.TCTiposCamposContactos -->
