<?xml version="1.0" encoding="UTF-8"?>
<!-- Generated by org.testng.reporters.JUnitReportReporter -->
<testsuite hostname="Testing" name="com.negativos.mandatorios.TCCamposMandatoriosAfiliado" tests="1" failures="0" timestamp="5 Oct 2015 21:39:33 GMT" time="8.265" errors="0">
  <testcase name="camposMandotoriosAfiliado" time="8.265" classname="com.negativos.mandatorios.TCCamposMandatoriosAfiliado"/>
</testsuite> <!-- com.negativos.mandatorios.TCCamposMandatoriosAfiliado -->
