<?xml version="1.0" encoding="UTF-8"?>
<!-- Generated by org.testng.reporters.JUnitReportReporter -->
<testsuite hostname="Testing" name="com.negativos.mandatorios.TCCamposMandatoriosPromotor" tests="1" failures="0" timestamp="8 Oct 2015 18:53:34 GMT" time="16.395" errors="0">
  <testcase name="camposMandatoriosPromotor" time="16.395" classname="com.negativos.mandatorios.TCCamposMandatoriosPromotor"/>
</testsuite> <!-- com.negativos.mandatorios.TCCamposMandatoriosPromotor -->
