<?xml version="1.0" encoding="UTF-8"?>
<!-- Generated by org.testng.reporters.JUnitReportReporter -->
<testsuite hostname="Testing" name="com.negativos.mandatorios.TCCamposMandatoriosAfiliado" tests="1" failures="0" timestamp="8 Oct 2015 18:53:34 GMT" time="22.498" errors="0">
  <testcase name="camposMandotoriosAfiliado" time="22.498" classname="com.negativos.mandatorios.TCCamposMandatoriosAfiliado"/>
</testsuite> <!-- com.negativos.mandatorios.TCCamposMandatoriosAfiliado -->
