<?xml version="1.0" encoding="UTF-8"?>
<!-- Generated by org.testng.reporters.JUnitReportReporter -->
<testsuite hostname="Selenium" name="com.positivos.TCContactos" tests="1" failures="0" timestamp="27 Oct 2015 19:05:20 GMT" time="32.119" errors="0">
  <testcase name="tcContactos" time="32.119" classname="com.positivos.TCContactos"/>
</testsuite> <!-- com.positivos.TCContactos -->
