<?xml version="1.0" encoding="UTF-8"?>
<!-- Generated by org.testng.reporters.JUnitReportReporter -->
<testsuite hostname="Selenium" name="com.negativos.tiposcampo.TCTiposCamposAfiliado" tests="1" failures="0" timestamp="27 Oct 2015 18:41:47 GMT" time="18.885" errors="0">
  <testcase name="tiposCampoAfiliado" time="18.885" classname="com.negativos.tiposcampo.TCTiposCamposAfiliado"/>
</testsuite> <!-- com.negativos.tiposcampo.TCTiposCamposAfiliado -->
