<?xml version="1.0" encoding="UTF-8"?>
<!-- Generated by org.testng.reporters.JUnitReportReporter -->
<testsuite hostname="Selenium" name="com.negativos.mandatorios.TCCamposMandatoriosContactos" tests="1" failures="0" timestamp="22 Oct 2015 15:24:17 GMT" time="21.674" errors="0">
  <testcase name="camposMandatoriosContactos" time="21.674" classname="com.negativos.mandatorios.TCCamposMandatoriosContactos"/>
</testsuite> <!-- com.negativos.mandatorios.TCCamposMandatoriosContactos -->
