<?xml version="1.0" encoding="UTF-8"?>
<!-- Generated by org.testng.reporters.JUnitReportReporter -->
<testsuite hostname="Selenium" name="com.negativos.mandatorios.TCCamposMandatoriosPromotor" tests="1" failures="0" timestamp="22 Oct 2015 15:24:59 GMT" time="22.998" errors="0">
  <testcase name="camposMandatoriosPromotor" time="22.998" classname="com.negativos.mandatorios.TCCamposMandatoriosPromotor"/>
</testsuite> <!-- com.negativos.mandatorios.TCCamposMandatoriosPromotor -->
