<?xml version="1.0" encoding="UTF-8"?>
<!-- Generated by org.testng.reporters.JUnitReportReporter -->
<testsuite hostname="Testing" name="com.negativos.tiposcampo.TCTiposCamposContactos" tests="1" failures="0" timestamp="8 Oct 2015 19:11:35 GMT" time="15.775" errors="0">
  <testcase name="tiposCampoContactos" time="15.775" classname="com.negativos.tiposcampo.TCTiposCamposContactos"/>
</testsuite> <!-- com.negativos.tiposcampo.TCTiposCamposContactos -->
